[2026-02-24 18:08:09,367: INFO: common]: yaml file: /Users/nihal/Downloads/End-End-Kidney-classification-using-MLflow-and-DVC/config/config.yaml loaded successfully]
[2026-02-24 18:08:09,368: INFO: common]: yaml file: /Users/nihal/Downloads/End-End-Kidney-classification-using-MLflow-and-DVC/params.yaml loaded successfully]
[2026-02-24 18:10:37,699: INFO: common]: yaml file: /Users/nihal/Downloads/End-End-Kidney-classification-using-MLflow-and-DVC/config/config.yaml loaded successfully]
[2026-02-24 18:10:37,700: INFO: common]: yaml file: /Users/nihal/Downloads/End-End-Kidney-classification-using-MLflow-and-DVC/params.yaml loaded successfully]
[2026-02-24 18:11:51,797: INFO: common]: yaml file: /Users/nihal/Downloads/End-End-Kidney-classification-using-MLflow-and-DVC/config/config.yaml loaded successfully]
[2026-02-24 18:11:51,800: INFO: common]: yaml file: /Users/nihal/Downloads/End-End-Kidney-classification-using-MLflow-and-DVC/params.yaml loaded successfully]
[2026-02-24 18:11:51,800: INFO: common]: created directory at: artifacts]
[2026-02-24 18:11:51,802: INFO: common]: created directory at: artifacts/data_ingestion]
[2026-02-24 18:11:51,802: INFO: 901320683]: Downloading data from https://drive.google.com/file/d/1vlR39c46AZAOded2SlWVNYWA1iysWjTb/view?usp=drive_link to artifacts/data_ingestion/data.zip]
[2026-02-24 18:13:21,374: INFO: common]: yaml file: /Users/nihal/Downloads/End-End-Kidney-classification-using-MLflow-and-DVC/config/config.yaml loaded successfully]
[2026-02-24 18:13:21,377: INFO: common]: yaml file: /Users/nihal/Downloads/End-End-Kidney-classification-using-MLflow-and-DVC/params.yaml loaded successfully]
[2026-02-24 18:13:21,378: INFO: common]: created directory at: artifacts]
[2026-02-24 18:13:21,378: INFO: common]: created directory at: artifacts/data_ingestion]
[2026-02-24 18:13:21,379: INFO: 212613545]: Downloading data from https://drive.google.com/file/d/1vlR39c46AZAOded2SlWVNYWA1iysWjTb/view?usp=drive_link to artifacts/data_ingestion/data.zip]
[2026-02-24 18:17:51,335: INFO: common]: yaml file: /Users/nihal/Downloads/End-End-Kidney-classification-using-MLflow-and-DVC/config/config.yaml loaded successfully]
[2026-02-24 18:17:51,338: INFO: common]: yaml file: /Users/nihal/Downloads/End-End-Kidney-classification-using-MLflow-and-DVC/params.yaml loaded successfully]
[2026-02-24 18:17:51,339: INFO: common]: created directory at: artifacts]
[2026-02-24 18:17:51,340: INFO: common]: created directory at: artifacts/data_ingestion]
[2026-02-24 18:17:51,340: INFO: 2178198339]: Downloading data from https://drive.google.com/file/d/1vlR39c46AZAOded2SlWVNYWA1iysWjTb/view?usp=drive_link to artifacts/data_ingestion/data.zip]
[2026-02-24 18:17:54,493: INFO: 2178198339]: Downloaded file size: ~ 11345 KB]
[2026-02-24 18:40:20,960: INFO: common]: yaml file: /Users/nihal/Downloads/End-End-Kidney-classification-using-MLflow-and-DVC/config/config.yaml loaded successfully]
[2026-02-24 18:40:20,962: INFO: common]: yaml file: /Users/nihal/Downloads/End-End-Kidney-classification-using-MLflow-and-DVC/params.yaml loaded successfully]
[2026-02-24 18:40:20,963: INFO: common]: created directory at: artifacts]
[2026-02-24 18:40:20,964: INFO: common]: created directory at: artifacts/data_ingestion]
[2026-02-24 18:40:20,965: INFO: 2178198339]: Downloading data from https://drive.google.com/file/d/1vlR39c46AZAOded2SlWVNYWA1iysWjTb/view?usp=drive_link to artifacts/data_ingestion/data.zip]
[2026-02-24 18:40:23,160: INFO: 2178198339]: Downloaded file size: ~ 11345 KB]
[2026-02-24 18:40:42,382: INFO: common]: yaml file: /Users/nihal/Downloads/End-End-Kidney-classification-using-MLflow-and-DVC/config/config.yaml loaded successfully]
[2026-02-24 18:40:42,385: INFO: common]: yaml file: /Users/nihal/Downloads/End-End-Kidney-classification-using-MLflow-and-DVC/params.yaml loaded successfully]
[2026-02-24 18:40:42,386: INFO: common]: created directory at: artifacts]
[2026-02-24 18:40:42,386: INFO: common]: created directory at: artifacts/data_ingestion]
[2026-02-24 18:40:42,387: INFO: 2178198339]: Downloading data from https://drive.google.com/file/d/1vlR39c46AZAOded2SlWVNYWA1iysWjTb/view?usp=drive_link to artifacts/data_ingestion/data.zip]
[2026-02-24 18:40:44,564: INFO: 2178198339]: Downloaded file size: ~ 11345 KB]
