[2026-02-24 11:40:46,643: INFO: main]: Welcome to our CNN log]
[2026-02-24 16:56:32,127: INFO: 2550532961]: :Testing from notebook!]
[2026-02-24 17:43:31,470: INFO: common]: yaml file: config/config.yaml loaded successfully]
[2026-02-24 17:43:31,472: INFO: common]: yaml file: params.yaml loaded successfully]
[2026-02-24 19:03:29,551: INFO: main]: >>>>> stage Data Ingestion Stage started <<<<<]
[2026-02-24 19:03:29,552: INFO: common]: yaml file: /Users/nihal/Downloads/End-End-Kidney-classification-using-MLflow-and-DVC/config/config.yaml loaded successfully]
[2026-02-24 19:03:29,552: INFO: common]: yaml file: /Users/nihal/Downloads/End-End-Kidney-classification-using-MLflow-and-DVC/params.yaml loaded successfully]
[2026-02-24 19:03:29,552: INFO: common]: created directory at: artifacts]
[2026-02-24 19:03:29,552: INFO: common]: created directory at: artifacts/data_ingestion]
[2026-02-24 19:03:29,552: INFO: data_ingestion]: Downloading data from https://drive.google.com/file/d/1vlR39c46AZAOded2SlWVNYWA1iysWjTb/view?usp=drive_link to artifacts/data_ingestion/data.zip]
[2026-02-24 19:03:31,896: INFO: data_ingestion]: Downloaded file size: ~ 11345 KB]
[2026-02-24 19:03:31,983: INFO: main]: >>>>> stage Data Ingestion Stage completed <<<<<

x==========x]
[2026-02-24 21:24:52,152: INFO: common]: yaml file: /Users/nihal/Downloads/End-End-Kidney-classification-using-MLflow-and-DVC/config/config.yaml loaded successfully]
[2026-02-24 21:24:52,156: INFO: common]: yaml file: /Users/nihal/Downloads/End-End-Kidney-classification-using-MLflow-and-DVC/params.yaml loaded successfully]
[2026-02-24 21:24:52,157: INFO: common]: created directory at: artifacts]
[2026-02-24 21:24:54,875: WARNING: saving_utils]: Compiled the loaded model, but the compiled metrics have yet to be built. `model.compile_metrics` will be empty until you train or evaluate the model.]
[2026-02-24 21:24:54,961: WARNING: optimizer]: At this time, the v2.11+ optimizer `tf.keras.optimizers.SGD` runs slowly on M1/M2 Macs, please use the legacy Keras optimizer instead, located at `tf.keras.optimizers.legacy.SGD`.]
[2026-02-24 21:24:54,962: WARNING: __init__]: There is a known slowdown when using v2.11+ Keras optimizers on M1/M2 Macs. Falling back to the legacy Keras optimizer, i.e., `tf.keras.optimizers.legacy.SGD`.]
[2026-02-25 16:06:58,140: INFO: main]: >>>>> stage Data Ingestion Stage started <<<<<]
[2026-02-25 16:06:58,141: INFO: common]: yaml file: /Users/nihal/Downloads/End-End-Kidney-classification-using-MLflow-and-DVC/config/config.yaml loaded successfully]
[2026-02-25 16:06:58,142: INFO: common]: yaml file: /Users/nihal/Downloads/End-End-Kidney-classification-using-MLflow-and-DVC/params.yaml loaded successfully]
[2026-02-25 16:06:58,142: INFO: common]: created directory at: artifacts]
[2026-02-25 16:06:58,142: INFO: common]: created directory at: artifacts/data_ingestion]
[2026-02-25 16:06:58,142: INFO: data_ingestion]: Downloading data from https://drive.google.com/file/d/1vlR39c46AZAOded2SlWVNYWA1iysWjTb/view?usp=drive_link to artifacts/data_ingestion/data.zip]
[2026-02-25 16:07:00,745: INFO: data_ingestion]: Downloaded file size: ~ 11345 KB]
[2026-02-25 16:07:00,835: INFO: main]: >>>>> stage Data Ingestion Stage completed <<<<<

x==========x]
[2026-02-25 16:07:00,835: INFO: main]: **************]
[2026-02-25 16:07:00,835: INFO: main]: >>>>> stage Prepare Base Model Stage started <<<<<]
[2026-02-25 16:07:00,836: INFO: common]: yaml file: /Users/nihal/Downloads/End-End-Kidney-classification-using-MLflow-and-DVC/config/config.yaml loaded successfully]
[2026-02-25 16:07:00,836: INFO: common]: yaml file: /Users/nihal/Downloads/End-End-Kidney-classification-using-MLflow-and-DVC/params.yaml loaded successfully]
[2026-02-25 16:07:00,836: INFO: common]: created directory at: artifacts]
[2026-02-25 16:07:01,085: WARNING: saving_utils]: Compiled the loaded model, but the compiled metrics have yet to be built. `model.compile_metrics` will be empty until you train or evaluate the model.]
[2026-02-25 16:07:01,151: WARNING: optimizer]: At this time, the v2.11+ optimizer `tf.keras.optimizers.SGD` runs slowly on M1/M2 Macs, please use the legacy Keras optimizer instead, located at `tf.keras.optimizers.legacy.SGD`.]
[2026-02-25 16:07:01,152: WARNING: __init__]: There is a known slowdown when using v2.11+ Keras optimizers on M1/M2 Macs. Falling back to the legacy Keras optimizer, i.e., `tf.keras.optimizers.legacy.SGD`.]
[2026-02-25 16:07:01,207: INFO: main]: >>>>> stage Prepare Base Model Stage completed <<<<<

x==========x]
[2026-02-25 18:50:50,761: INFO: main]: >>>>> stage Data Ingestion Stage started <<<<<]
[2026-02-25 18:50:50,762: INFO: common]: yaml file: /Users/nihal/Downloads/End-End-Kidney-classification-using-MLflow-and-DVC/config/config.yaml loaded successfully]
[2026-02-25 18:50:50,763: INFO: common]: yaml file: /Users/nihal/Downloads/End-End-Kidney-classification-using-MLflow-and-DVC/params.yaml loaded successfully]
[2026-02-25 18:50:50,763: INFO: common]: created directory at: artifacts]
[2026-02-25 18:50:50,763: INFO: common]: created directory at: artifacts/data_ingestion]
[2026-02-25 18:50:50,763: INFO: data_ingestion]: Downloading data from https://drive.google.com/file/d/1vlR39c46AZAOded2SlWVNYWA1iysWjTb/view?usp=drive_link to artifacts/data_ingestion/data.zip]
[2026-02-25 18:50:54,952: INFO: data_ingestion]: Downloaded file size: ~ 11345 KB]
[2026-02-25 18:50:55,049: INFO: main]: >>>>> stage Data Ingestion Stage completed <<<<<

x==========x]
[2026-02-25 18:50:55,049: INFO: main]: **************]
[2026-02-25 18:50:55,049: INFO: main]: >>>>> stage Prepare Base Model Stage started <<<<<]
[2026-02-25 18:50:55,050: INFO: common]: yaml file: /Users/nihal/Downloads/End-End-Kidney-classification-using-MLflow-and-DVC/config/config.yaml loaded successfully]
[2026-02-25 18:50:55,051: INFO: common]: yaml file: /Users/nihal/Downloads/End-End-Kidney-classification-using-MLflow-and-DVC/params.yaml loaded successfully]
[2026-02-25 18:50:55,051: INFO: common]: created directory at: artifacts]
[2026-02-25 18:50:55,334: WARNING: saving_utils]: Compiled the loaded model, but the compiled metrics have yet to be built. `model.compile_metrics` will be empty until you train or evaluate the model.]
[2026-02-25 18:50:55,388: WARNING: optimizer]: At this time, the v2.11+ optimizer `tf.keras.optimizers.SGD` runs slowly on M1/M2 Macs, please use the legacy Keras optimizer instead, located at `tf.keras.optimizers.legacy.SGD`.]
[2026-02-25 18:50:55,389: WARNING: __init__]: There is a known slowdown when using v2.11+ Keras optimizers on M1/M2 Macs. Falling back to the legacy Keras optimizer, i.e., `tf.keras.optimizers.legacy.SGD`.]
[2026-02-25 18:50:55,434: INFO: main]: >>>>> stage Prepare Base Model Stage completed <<<<<

x==========x]
[2026-02-25 19:10:05,468: INFO: common]: yaml file: /Users/nihal/Downloads/End-End-Kidney-classification-using-MLflow-and-DVC/config/config.yaml loaded successfully]
[2026-02-25 19:10:05,474: INFO: common]: yaml file: /Users/nihal/Downloads/End-End-Kidney-classification-using-MLflow-and-DVC/params.yaml loaded successfully]
[2026-02-25 19:12:41,857: INFO: common]: yaml file: /Users/nihal/Downloads/End-End-Kidney-classification-using-MLflow-and-DVC/config/config.yaml loaded successfully]
[2026-02-25 19:12:41,859: INFO: common]: yaml file: /Users/nihal/Downloads/End-End-Kidney-classification-using-MLflow-and-DVC/params.yaml loaded successfully]
[2026-02-25 19:12:41,860: INFO: common]: created directory at: artifacts]
[2026-02-25 19:14:31,310: INFO: common]: yaml file: /Users/nihal/Downloads/End-End-Kidney-classification-using-MLflow-and-DVC/config/config.yaml loaded successfully]
[2026-02-25 19:14:31,311: INFO: common]: yaml file: /Users/nihal/Downloads/End-End-Kidney-classification-using-MLflow-and-DVC/params.yaml loaded successfully]
[2026-02-25 19:14:31,312: INFO: common]: created directory at: artifacts]
[2026-02-25 20:00:10,233: INFO: main]: >>>>> stage Data Ingestion Stage started <<<<<]
[2026-02-25 20:00:10,233: INFO: common]: yaml file: /Users/nihal/Downloads/End-End-Kidney-classification-using-MLflow-and-DVC/config/config.yaml loaded successfully]
[2026-02-25 20:00:10,234: INFO: common]: yaml file: /Users/nihal/Downloads/End-End-Kidney-classification-using-MLflow-and-DVC/params.yaml loaded successfully]
[2026-02-25 20:00:10,234: INFO: common]: created directory at: artifacts]
[2026-02-25 20:00:10,234: INFO: common]: created directory at: artifacts/data_ingestion]
[2026-02-25 20:00:10,234: INFO: data_ingestion]: Downloading data from https://drive.google.com/file/d/1vlR39c46AZAOded2SlWVNYWA1iysWjTb/view?usp=drive_link to artifacts/data_ingestion/data.zip]
[2026-02-25 20:00:13,011: INFO: data_ingestion]: Downloaded file size: ~ 11345 KB]
[2026-02-25 20:00:13,099: INFO: main]: >>>>> stage Data Ingestion Stage completed <<<<<

x==========x]
[2026-02-25 20:00:13,099: INFO: main]: **************]
[2026-02-25 20:00:13,099: INFO: main]: >>>>> stage Prepare Base Model Stage started <<<<<]
[2026-02-25 20:00:13,099: INFO: common]: yaml file: /Users/nihal/Downloads/End-End-Kidney-classification-using-MLflow-and-DVC/config/config.yaml loaded successfully]
[2026-02-25 20:00:13,100: INFO: common]: yaml file: /Users/nihal/Downloads/End-End-Kidney-classification-using-MLflow-and-DVC/params.yaml loaded successfully]
[2026-02-25 20:00:13,100: INFO: common]: created directory at: artifacts]
[2026-02-25 20:00:13,100: ERROR: main]: module 'tensorflow' has no attribute 'keras']
Traceback (most recent call last):
  File "/Users/nihal/Downloads/End-End-Kidney-classification-using-MLflow-and-DVC/main.py", line 23, in <module>
    obj.main()
  File "/Users/nihal/Downloads/End-End-Kidney-classification-using-MLflow-and-DVC/src/cnnClassifier/pipeline/stage_02_prepare_base_model.py", line 19, in main
    prepare_base_model.get_base_model()
  File "/Users/nihal/Downloads/End-End-Kidney-classification-using-MLflow-and-DVC/src/cnnClassifier/components/prepare_base_model.py", line 16, in get_base_model
    self.model = tf.keras.applications.vgg16.VGG16(
                 ^^^^^^^^
AttributeError: module 'tensorflow' has no attribute 'keras'
[2026-02-25 20:02:30,712: INFO: main]: >>>>> stage Data Ingestion Stage started <<<<<]
[2026-02-25 20:02:30,713: INFO: common]: yaml file: /Users/nihal/Downloads/End-End-Kidney-classification-using-MLflow-and-DVC/config/config.yaml loaded successfully]
[2026-02-25 20:02:30,714: INFO: common]: yaml file: /Users/nihal/Downloads/End-End-Kidney-classification-using-MLflow-and-DVC/params.yaml loaded successfully]
[2026-02-25 20:02:30,714: INFO: common]: created directory at: artifacts]
[2026-02-25 20:02:30,714: INFO: common]: created directory at: artifacts/data_ingestion]
[2026-02-25 20:02:30,714: INFO: data_ingestion]: Downloading data from https://drive.google.com/file/d/1vlR39c46AZAOded2SlWVNYWA1iysWjTb/view?usp=drive_link to artifacts/data_ingestion/data.zip]
[2026-02-25 20:03:01,494: ERROR: main]: Failed to retrieve file url:

	Cannot retrieve the public link of the file. You may need to change
	the permission to 'Anyone with the link', or have had many accesses.
	Check FAQ in https://github.com/wkentaro/gdown?tab=readme-ov-file#faq.

You may still be able to access the file from the browser:

	https://drive.google.com/uc?/export=download&id=1vlR39c46AZAOded2SlWVNYWA1iysWjTb

but Gdown can't. Please check connections and permissions.]
Traceback (most recent call last):
  File "/Users/nihal/anaconda3/envs/mlops-env/lib/python3.8/site-packages/gdown/download.py", line 267, in download
    url = get_url_from_gdrive_confirmation(res.text)
  File "/Users/nihal/anaconda3/envs/mlops-env/lib/python3.8/site-packages/gdown/download.py", line 55, in get_url_from_gdrive_confirmation
    raise FileURLRetrievalError(
gdown.exceptions.FileURLRetrievalError: Cannot retrieve the public link of the file. You may need to change the permission to 'Anyone with the link', or have had many accesses. Check FAQ in https://github.com/wkentaro/gdown?tab=readme-ov-file#faq.

During handling of the above exception, another exception occurred:

Traceback (most recent call last):
  File "main.py", line 11, in <module>
    obj.main()
  File "/Users/nihal/Downloads/End-End-Kidney-classification-using-MLflow-and-DVC/src/cnnClassifier/pipeline/stage_01_data_ingestion.py", line 16, in main
    data_ingestion.download_file()
  File "/Users/nihal/Downloads/End-End-Kidney-classification-using-MLflow-and-DVC/src/cnnClassifier/components/data_ingestion.py", line 32, in download_file
    raise e
  File "/Users/nihal/Downloads/End-End-Kidney-classification-using-MLflow-and-DVC/src/cnnClassifier/components/data_ingestion.py", line 27, in download_file
    gdown.download(prefix + file_id, zip_download_dir)
  File "/Users/nihal/anaconda3/envs/mlops-env/lib/python3.8/site-packages/gdown/download.py", line 278, in download
    raise FileURLRetrievalError(message)
gdown.exceptions.FileURLRetrievalError: Failed to retrieve file url:

	Cannot retrieve the public link of the file. You may need to change
	the permission to 'Anyone with the link', or have had many accesses.
	Check FAQ in https://github.com/wkentaro/gdown?tab=readme-ov-file#faq.

You may still be able to access the file from the browser:

	https://drive.google.com/uc?/export=download&id=1vlR39c46AZAOded2SlWVNYWA1iysWjTb

but Gdown can't. Please check connections and permissions.
[2026-02-25 20:03:47,866: INFO: utils]: NumExpr defaulting to 8 threads.]
[2026-02-25 20:03:48,671: INFO: main]: >>>>> stage Data Ingestion Stage started <<<<<]
[2026-02-25 20:03:48,672: INFO: common]: yaml file: /Users/nihal/Downloads/End-End-Kidney-classification-using-MLflow-and-DVC/config/config.yaml loaded successfully]
[2026-02-25 20:03:48,673: INFO: common]: yaml file: /Users/nihal/Downloads/End-End-Kidney-classification-using-MLflow-and-DVC/params.yaml loaded successfully]
[2026-02-25 20:03:48,673: INFO: common]: created directory at: artifacts]
[2026-02-25 20:03:48,673: INFO: common]: created directory at: artifacts/data_ingestion]
[2026-02-25 20:03:48,673: INFO: data_ingestion]: Downloading data from https://drive.google.com/file/d/1vlR39c46AZAOded2SlWVNYWA1iysWjTb/view?usp=drive_link to artifacts/data_ingestion/data.zip]
[2026-02-25 20:03:50,915: INFO: data_ingestion]: Downloaded file size: ~ 11345 KB]
[2026-02-25 20:03:50,999: INFO: main]: >>>>> stage Data Ingestion Stage completed <<<<<

x==========x]
[2026-02-25 20:03:50,999: INFO: main]: **************]
[2026-02-25 20:03:50,999: INFO: main]: >>>>> stage Prepare Base Model Stage started <<<<<]
[2026-02-25 20:03:51,000: INFO: common]: yaml file: /Users/nihal/Downloads/End-End-Kidney-classification-using-MLflow-and-DVC/config/config.yaml loaded successfully]
[2026-02-25 20:03:51,000: INFO: common]: yaml file: /Users/nihal/Downloads/End-End-Kidney-classification-using-MLflow-and-DVC/params.yaml loaded successfully]
[2026-02-25 20:03:51,000: INFO: common]: created directory at: artifacts]
[2026-02-25 20:03:51,288: WARNING: saving_utils]: Compiled the loaded model, but the compiled metrics have yet to be built. `model.compile_metrics` will be empty until you train or evaluate the model.]
[2026-02-25 20:03:51,340: WARNING: optimizer]: At this time, the v2.11+ optimizer `tf.keras.optimizers.SGD` runs slowly on M1/M2 Macs, please use the legacy Keras optimizer instead, located at `tf.keras.optimizers.legacy.SGD`.]
[2026-02-25 20:03:51,341: WARNING: __init__]: There is a known slowdown when using v2.11+ Keras optimizers on M1/M2 Macs. Falling back to the legacy Keras optimizer, i.e., `tf.keras.optimizers.legacy.SGD`.]
[2026-02-25 20:03:51,397: INFO: main]: >>>>> stage Prepare Base Model Stage completed <<<<<

x==========x]
[2026-02-25 20:03:51,397: INFO: main]: *******************]
[2026-02-25 20:03:51,397: INFO: main]: >>>>>> stage Training started <<<<<<]
[2026-02-25 20:03:51,398: INFO: common]: yaml file: /Users/nihal/Downloads/End-End-Kidney-classification-using-MLflow-and-DVC/config/config.yaml loaded successfully]
[2026-02-25 20:03:51,398: INFO: common]: yaml file: /Users/nihal/Downloads/End-End-Kidney-classification-using-MLflow-and-DVC/params.yaml loaded successfully]
[2026-02-25 20:03:51,398: INFO: common]: created directory at: artifacts]
[2026-02-25 20:03:51,398: INFO: common]: created directory at: artifacts/training]
[2026-02-25 20:03:59,211: INFO: main]: >>>>> stage Data Ingestion Stage started <<<<<]
[2026-02-25 20:03:59,213: INFO: common]: yaml file: /Users/nihal/Downloads/End-End-Kidney-classification-using-MLflow-and-DVC/config/config.yaml loaded successfully]
[2026-02-25 20:03:59,215: INFO: common]: yaml file: /Users/nihal/Downloads/End-End-Kidney-classification-using-MLflow-and-DVC/params.yaml loaded successfully]
[2026-02-25 20:03:59,215: INFO: common]: created directory at: artifacts]
[2026-02-25 20:03:59,215: INFO: common]: created directory at: artifacts/data_ingestion]
[2026-02-25 20:03:59,215: INFO: data_ingestion]: Downloading data from https://drive.google.com/file/d/1vlR39c46AZAOded2SlWVNYWA1iysWjTb/view?usp=drive_link to artifacts/data_ingestion/data.zip]
[2026-02-25 20:04:01,229: INFO: data_ingestion]: Downloaded file size: ~ 11345 KB]
[2026-02-25 20:04:01,302: INFO: main]: >>>>> stage Data Ingestion Stage completed <<<<<

x==========x]
[2026-02-25 20:04:01,302: INFO: main]: **************]
[2026-02-25 20:04:01,302: INFO: main]: >>>>> stage Prepare Base Model Stage started <<<<<]
[2026-02-25 20:04:01,303: INFO: common]: yaml file: /Users/nihal/Downloads/End-End-Kidney-classification-using-MLflow-and-DVC/config/config.yaml loaded successfully]
[2026-02-25 20:04:01,303: INFO: common]: yaml file: /Users/nihal/Downloads/End-End-Kidney-classification-using-MLflow-and-DVC/params.yaml loaded successfully]
[2026-02-25 20:04:01,304: INFO: common]: created directory at: artifacts]
[2026-02-25 20:04:01,899: WARNING: saving_utils]: Compiled the loaded model, but the compiled metrics have yet to be built. `model.compile_metrics` will be empty until you train or evaluate the model.]
[2026-02-25 20:04:02,006: WARNING: optimizer]: At this time, the v2.11+ optimizer `tf.keras.optimizers.SGD` runs slowly on M1/M2 Macs, please use the legacy Keras optimizer instead, located at `tf.keras.optimizers.legacy.SGD`.]
[2026-02-25 20:04:02,007: WARNING: __init__]: There is a known slowdown when using v2.11+ Keras optimizers on M1/M2 Macs. Falling back to the legacy Keras optimizer, i.e., `tf.keras.optimizers.legacy.SGD`.]
[2026-02-25 20:04:02,095: INFO: main]: >>>>> stage Prepare Base Model Stage completed <<<<<

x==========x]
[2026-02-25 20:04:02,095: INFO: main]: *******************]
[2026-02-25 20:04:02,095: INFO: main]: >>>>>> stage Training started <<<<<<]
[2026-02-25 20:04:02,097: INFO: common]: yaml file: /Users/nihal/Downloads/End-End-Kidney-classification-using-MLflow-and-DVC/config/config.yaml loaded successfully]
[2026-02-25 20:04:02,099: INFO: common]: yaml file: /Users/nihal/Downloads/End-End-Kidney-classification-using-MLflow-and-DVC/params.yaml loaded successfully]
[2026-02-25 20:04:02,099: INFO: common]: created directory at: artifacts]
[2026-02-25 20:04:02,099: INFO: common]: created directory at: artifacts/training]
[2026-02-26 00:06:25,988: ERROR: main]: [Errno 32] Broken pipe]
Traceback (most recent call last):
  File "/Users/nihal/Downloads/End-End-Kidney-classification-using-MLflow-and-DVC/main.py", line 36, in <module>
    model_trainer.main()
  File "/Users/nihal/Downloads/End-End-Kidney-classification-using-MLflow-and-DVC/src/cnnClassifier/pipeline/stage_03_model_training.py", line 21, in main
    training.train()
  File "/Users/nihal/Downloads/End-End-Kidney-classification-using-MLflow-and-DVC/src/cnnClassifier/components/model_training.py", line 66, in train
    self.base_model.fit(
  File "/Users/nihal/anaconda3/lib/python3.11/site-packages/keras/src/utils/traceback_utils.py", line 70, in error_handler
    raise e.with_traceback(filtered_tb) from None
  File "/Users/nihal/anaconda3/lib/python3.11/site-packages/keras/src/utils/io_utils.py", line 80, in print_msg
    sys.stdout.flush()
BrokenPipeError: [Errno 32] Broken pipe
[2026-02-26 00:24:50,155: INFO: main]: >>>>>> stage Training completed <<<<<<

x==========x]
